2023-12-27 15:11:21 — INFO — Running with edr=0.13.2
2023-12-27 15:11:21 — DEBUG — Running dbt --log-format json run-operation elementary.log_macro_results --args {"macro_name": "elementary_cli.get_latest_invocation", "macro_args": {}} --project-dir C:\Users\apple\Desktop\DataStack\Dbts\dbt-env\Lib\site-packages\elementary\monitor\dbt_project
2023-12-27 15:11:26 — DEBUG — Result bytes size for command '['dbt', '--log-format', 'json', 'run-operation', 'elementary.log_macro_results', '--args', '{"macro_name": "elementary_cli.get_latest_invocation", "macro_args": {}}', '--project-dir', 'C:\\Users\\apple\\Desktop\\DataStack\\Dbts\\dbt-env\\Lib\\site-packages\\elementary\\monitor\\dbt_project']' is 3854
2023-12-27 15:11:26 — DEBUG — Running dbt --log-format json run-operation elementary.log_macro_results --args {"macro_name": "elementary_cli.get_adapter_type_and_unique_id", "macro_args": {}} --project-dir C:\Users\apple\Desktop\DataStack\Dbts\dbt-env\Lib\site-packages\elementary\monitor\dbt_project
2023-12-27 15:11:31 — DEBUG — Result bytes size for command '['dbt', '--log-format', 'json', 'run-operation', 'elementary.log_macro_results', '--args', '{"macro_name": "elementary_cli.get_adapter_type_and_unique_id", "macro_args": {}}', '--project-dir', 'C:\\Users\\apple\\Desktop\\DataStack\\Dbts\\dbt-env\\Lib\\site-packages\\elementary\\monitor\\dbt_project']' is 1882
2023-12-27 15:11:31 — INFO — edr (0.13.2) and Elementary's dbt package (0.13.0) are compatible.
2023-12-27 15:11:31 — DEBUG — Running dbt --log-format json run-operation elementary.log_macro_results --args {"macro_name": "elementary_cli.get_elementary_database_and_schema", "macro_args": {}} --project-dir C:\Users\apple\Desktop\DataStack\Dbts\dbt-env\Lib\site-packages\elementary\monitor\dbt_project
2023-12-27 15:11:36 — DEBUG — Result bytes size for command '['dbt', '--log-format', 'json', 'run-operation', 'elementary.log_macro_results', '--args', '{"macro_name": "elementary_cli.get_elementary_database_and_schema", "macro_args": {}}', '--project-dir', 'C:\\Users\\apple\\Desktop\\DataStack\\Dbts\\dbt-env\\Lib\\site-packages\\elementary\\monitor\\dbt_project']' is 1866
2023-12-27 15:11:36 — INFO — Elementary's database and schema: '"dft.public_elementary"'
2023-12-27 15:11:36 — INFO — Running dbt --log-format json run-operation elementary.log_macro_results --args {"macro_name": "elementary_cli.get_test_results", "macro_args": {"days_back": 7, "invocations_per_test": 720, "disable_passed_test_metrics": false}} --project-dir C:\Users\apple\Desktop\DataStack\Dbts\dbt-env\Lib\site-packages\elementary\monitor\dbt_project
2023-12-27 15:11:41 — DEBUG — Result bytes size for command '['dbt', '--log-format', 'json', 'run-operation', 'elementary.log_macro_results', '--args', '{"macro_name": "elementary_cli.get_test_results", "macro_args": {"days_back": 7, "invocations_per_test": 720, "disable_passed_test_metrics": false}}', '--project-dir', 'C:\\Users\\apple\\Desktop\\DataStack\\Dbts\\dbt-env\\Lib\\site-packages\\elementary\\monitor\\dbt_project']' is 1820
2023-12-27 15:11:41 — INFO — Running dbt --log-format json run-operation elementary.log_macro_results --args {"macro_name": "elementary_cli.get_source_freshness_results", "macro_args": {"days_back": 7, "invocations_per_test": 720}} --project-dir C:\Users\apple\Desktop\DataStack\Dbts\dbt-env\Lib\site-packages\elementary\monitor\dbt_project
2023-12-27 15:11:46 — DEBUG — Result bytes size for command '['dbt', '--log-format', 'json', 'run-operation', 'elementary.log_macro_results', '--args', '{"macro_name": "elementary_cli.get_source_freshness_results", "macro_args": {"days_back": 7, "invocations_per_test": 720}}', '--project-dir', 'C:\\Users\\apple\\Desktop\\DataStack\\Dbts\\dbt-env\\Lib\\site-packages\\elementary\\monitor\\dbt_project']' is 1820
2023-12-27 15:11:46 — INFO — Running dbt --log-format json run-operation elementary.log_macro_results --args {"macro_name": "elementary_cli.get_models", "macro_args": {"exclude_elementary": true}} --project-dir C:\Users\apple\Desktop\DataStack\Dbts\dbt-env\Lib\site-packages\elementary\monitor\dbt_project
2023-12-27 15:11:51 — DEBUG — Result bytes size for command '['dbt', '--log-format', 'json', 'run-operation', 'elementary.log_macro_results', '--args', '{"macro_name": "elementary_cli.get_models", "macro_args": {"exclude_elementary": true}}', '--project-dir', 'C:\\Users\\apple\\Desktop\\DataStack\\Dbts\\dbt-env\\Lib\\site-packages\\elementary\\monitor\\dbt_project']' is 10604
2023-12-27 15:11:51 — INFO — Running dbt --log-format json run-operation elementary.log_macro_results --args {"macro_name": "elementary_cli.get_sources", "macro_args": {}} --project-dir C:\Users\apple\Desktop\DataStack\Dbts\dbt-env\Lib\site-packages\elementary\monitor\dbt_project
2023-12-27 15:11:56 — DEBUG — Result bytes size for command '['dbt', '--log-format', 'json', 'run-operation', 'elementary.log_macro_results', '--args', '{"macro_name": "elementary_cli.get_sources", "macro_args": {}}', '--project-dir', 'C:\\Users\\apple\\Desktop\\DataStack\\Dbts\\dbt-env\\Lib\\site-packages\\elementary\\monitor\\dbt_project']' is 6286
2023-12-27 15:11:56 — INFO — Running dbt --log-format json run-operation elementary.log_macro_results --args {"macro_name": "elementary_cli.get_exposures", "macro_args": {}} --project-dir C:\Users\apple\Desktop\DataStack\Dbts\dbt-env\Lib\site-packages\elementary\monitor\dbt_project
2023-12-27 15:12:01 — DEBUG — Result bytes size for command '['dbt', '--log-format', 'json', 'run-operation', 'elementary.log_macro_results', '--args', '{"macro_name": "elementary_cli.get_exposures", "macro_args": {}}', '--project-dir', 'C:\\Users\\apple\\Desktop\\DataStack\\Dbts\\dbt-env\\Lib\\site-packages\\elementary\\monitor\\dbt_project']' is 1820
2023-12-27 15:12:01 — INFO — Running dbt --log-format json run-operation elementary.log_macro_results --args {"macro_name": "elementary_cli.get_models_runs", "macro_args": {"days_back": 7, "exclude_elementary": true}} --project-dir C:\Users\apple\Desktop\DataStack\Dbts\dbt-env\Lib\site-packages\elementary\monitor\dbt_project
2023-12-27 15:12:06 — DEBUG — Result bytes size for command '['dbt', '--log-format', 'json', 'run-operation', 'elementary.log_macro_results', '--args', '{"macro_name": "elementary_cli.get_models_runs", "macro_args": {"days_back": 7, "exclude_elementary": true}}', '--project-dir', 'C:\\Users\\apple\\Desktop\\DataStack\\Dbts\\dbt-env\\Lib\\site-packages\\elementary\\monitor\\dbt_project']' is 1820
2023-12-27 15:12:06 — INFO — Running dbt --log-format json run-operation elementary.log_macro_results --args {"macro_name": "elementary_cli.get_dbt_models_test_coverage", "macro_args": {}} --project-dir C:\Users\apple\Desktop\DataStack\Dbts\dbt-env\Lib\site-packages\elementary\monitor\dbt_project
2023-12-27 15:12:11 — DEBUG — Result bytes size for command '['dbt', '--log-format', 'json', 'run-operation', 'elementary.log_macro_results', '--args', '{"macro_name": "elementary_cli.get_dbt_models_test_coverage", "macro_args": {}}', '--project-dir', 'C:\\Users\\apple\\Desktop\\DataStack\\Dbts\\dbt-env\\Lib\\site-packages\\elementary\\monitor\\dbt_project']' is 3186
2023-12-27 15:12:11 — INFO — Running dbt --log-format json run-operation elementary.log_macro_results --args {"macro_name": "elementary_cli.get_nodes_depends_on_nodes", "macro_args": {"exclude_elementary": true}} --project-dir C:\Users\apple\Desktop\DataStack\Dbts\dbt-env\Lib\site-packages\elementary\monitor\dbt_project
2023-12-27 15:12:16 — DEBUG — Result bytes size for command '['dbt', '--log-format', 'json', 'run-operation', 'elementary.log_macro_results', '--args', '{"macro_name": "elementary_cli.get_nodes_depends_on_nodes", "macro_args": {"exclude_elementary": true}}', '--project-dir', 'C:\\Users\\apple\\Desktop\\DataStack\\Dbts\\dbt-env\\Lib\\site-packages\\elementary\\monitor\\dbt_project']' is 7150
2023-12-27 15:12:16 — INFO — Running dbt --log-format json run-operation elementary.log_macro_results --args {"macro_name": "elementary_cli.get_models_latest_invocation", "macro_args": {}} --project-dir C:\Users\apple\Desktop\DataStack\Dbts\dbt-env\Lib\site-packages\elementary\monitor\dbt_project
2023-12-27 15:12:21 — DEBUG — Result bytes size for command '['dbt', '--log-format', 'json', 'run-operation', 'elementary.log_macro_results', '--args', '{"macro_name": "elementary_cli.get_models_latest_invocation", "macro_args": {}}', '--project-dir', 'C:\\Users\\apple\\Desktop\\DataStack\\Dbts\\dbt-env\\Lib\\site-packages\\elementary\\monitor\\dbt_project']' is 8916
2023-12-27 15:12:21 — INFO — Running dbt --log-format json run-operation elementary.log_macro_results --args {"macro_name": "elementary_cli.get_models_latest_invocations_data", "macro_args": {}} --project-dir C:\Users\apple\Desktop\DataStack\Dbts\dbt-env\Lib\site-packages\elementary\monitor\dbt_project
2023-12-27 15:12:27 — DEBUG — Result bytes size for command '['dbt', '--log-format', 'json', 'run-operation', 'elementary.log_macro_results', '--args', '{"macro_name": "elementary_cli.get_models_latest_invocations_data", "macro_args": {}}', '--project-dir', 'C:\\Users\\apple\\Desktop\\DataStack\\Dbts\\dbt-env\\Lib\\site-packages\\elementary\\monitor\\dbt_project']' is 2242
2023-12-27 15:13:53 — INFO — Running with edr=0.13.2
2023-12-27 15:13:53 — DEBUG — Running dbt --log-format json run-operation elementary.log_macro_results --args {"macro_name": "elementary_cli.get_latest_invocation", "macro_args": {}} --project-dir C:\Users\apple\Desktop\DataStack\Dbts\dbt-env\Lib\site-packages\elementary\monitor\dbt_project
[31;20m2023-12-27 15:13:57 — ERROR — Unable to get the latest invocation: Failed to run dbt command.
Encountered an error:
Runtime Error
  Could not find profile named 'elementary'[0m
2023-12-27 15:13:57 — DEBUG — Running dbt --log-format json run-operation elementary.log_macro_results --args {"macro_name": "elementary_cli.get_adapter_type_and_unique_id", "macro_args": {}} --project-dir C:\Users\apple\Desktop\DataStack\Dbts\dbt-env\Lib\site-packages\elementary\monitor\dbt_project
2023-12-27 15:14:02 — DEBUG — Could not get warehouse info.
Traceback (most recent call last):
  File "C:\Users\apple\Desktop\DataStack\Dbts\dbt-env\Lib\site-packages\elementary\clients\dbt\dbt_runner.py", line 82, in _run_command
    result = subprocess.run(
             ^^^^^^^^^^^^^^^
  File "C:\Users\apple\anaconda3\Lib\subprocess.py", line 571, in run
    raise CalledProcessError(retcode, process.args,
subprocess.CalledProcessError: Command '['dbt', '--log-format', 'json', 'run-operation', 'elementary.log_macro_results', '--args', '{"macro_name": "elementary_cli.get_adapter_type_and_unique_id", "macro_args": {}}', '--project-dir', 'C:\\Users\\apple\\Desktop\\DataStack\\Dbts\\dbt-env\\Lib\\site-packages\\elementary\\monitor\\dbt_project']' returned non-zero exit status 2.

During handling of the above exception, another exception occurred:

Traceback (most recent call last):
  File "C:\Users\apple\Desktop\DataStack\Dbts\dbt-env\Lib\site-packages\elementary\monitor\data_monitoring\data_monitoring.py", line 174, in _get_warehouse_info
    self.internal_dbt_runner.run_operation(
  File "C:\Users\apple\Desktop\DataStack\Dbts\dbt-env\Lib\site-packages\elementary\clients\dbt\dbt_runner.py", line 154, in run_operation
    success, command_output = self._run_command(
                              ^^^^^^^^^^^^^^^^^^
  File "C:\Users\apple\Desktop\DataStack\Dbts\dbt-env\Lib\site-packages\elementary\clients\dbt\dbt_runner.py", line 93, in _run_command
    raise DbtCommandError(err, command_args, logs=logs)
elementary.exceptions.exceptions.DbtCommandError: Failed to run dbt command.
Encountered an error:
Runtime Error
  Could not find profile named 'elementary'
2023-12-27 15:14:02 — DEBUG — Running dbt --log-format json run-operation elementary.log_macro_results --args {"macro_name": "elementary_cli.get_elementary_database_and_schema", "macro_args": {}} --project-dir C:\Users\apple\Desktop\DataStack\Dbts\dbt-env\Lib\site-packages\elementary\monitor\dbt_project
[31;20m2023-12-27 15:14:06 — ERROR — Failed to parse Elementary's database and schema.[0m
2023-12-27 15:14:06 — INFO — Running dbt --log-format json run-operation elementary.log_macro_results --args {"macro_name": "elementary_cli.get_test_results", "macro_args": {"days_back": 7, "invocations_per_test": 720, "disable_passed_test_metrics": false}} --project-dir C:\Users\apple\Desktop\DataStack\Dbts\dbt-env\Lib\site-packages\elementary\monitor\dbt_project
[31;20m2023-12-27 15:14:11 — ERROR — Could not generate the report - Error: Failed to run dbt command.
Encountered an error:
Runtime Error
  Could not find profile named 'elementary'
Please reach out to our community for help with this issue.[0m
NoneType: None
2023-12-27 15:14:54 — INFO — Running with edr=0.13.2
2023-12-27 15:15:02 — INFO — Running with edr=0.13.2
2023-12-27 15:16:20 — INFO — Running with edr=0.13.2
2023-12-27 15:16:20 — DEBUG — Running dbt --log-format json run-operation elementary.log_macro_results --args {"macro_name": "elementary_cli.get_latest_invocation", "macro_args": {}} --project-dir C:\Users\apple\Desktop\DataStack\Dbts\dbt-env\Lib\site-packages\elementary\monitor\dbt_project --profiles-dir .\elementary_profiles\profiles.yml
[31;20m2023-12-27 15:16:24 — ERROR — Unable to get the latest invocation: Failed to run dbt command.
Encountered an error:
Runtime Error
  Could not find profile named 'elementary'[0m
2023-12-27 15:16:24 — DEBUG — Running dbt --log-format json run-operation elementary.log_macro_results --args {"macro_name": "elementary_cli.get_adapter_type_and_unique_id", "macro_args": {}} --project-dir C:\Users\apple\Desktop\DataStack\Dbts\dbt-env\Lib\site-packages\elementary\monitor\dbt_project --profiles-dir .\elementary_profiles\profiles.yml
2023-12-27 15:16:28 — DEBUG — Could not get warehouse info.
Traceback (most recent call last):
  File "C:\Users\apple\Desktop\DataStack\Dbts\dbt-env\Lib\site-packages\elementary\clients\dbt\dbt_runner.py", line 82, in _run_command
    result = subprocess.run(
             ^^^^^^^^^^^^^^^
  File "C:\Users\apple\anaconda3\Lib\subprocess.py", line 571, in run
    raise CalledProcessError(retcode, process.args,
subprocess.CalledProcessError: Command '['dbt', '--log-format', 'json', 'run-operation', 'elementary.log_macro_results', '--args', '{"macro_name": "elementary_cli.get_adapter_type_and_unique_id", "macro_args": {}}', '--project-dir', 'C:\\Users\\apple\\Desktop\\DataStack\\Dbts\\dbt-env\\Lib\\site-packages\\elementary\\monitor\\dbt_project', '--profiles-dir', '.\\elementary_profiles\\profiles.yml']' returned non-zero exit status 2.

During handling of the above exception, another exception occurred:

Traceback (most recent call last):
  File "C:\Users\apple\Desktop\DataStack\Dbts\dbt-env\Lib\site-packages\elementary\monitor\data_monitoring\data_monitoring.py", line 174, in _get_warehouse_info
    self.internal_dbt_runner.run_operation(
  File "C:\Users\apple\Desktop\DataStack\Dbts\dbt-env\Lib\site-packages\elementary\clients\dbt\dbt_runner.py", line 154, in run_operation
    success, command_output = self._run_command(
                              ^^^^^^^^^^^^^^^^^^
  File "C:\Users\apple\Desktop\DataStack\Dbts\dbt-env\Lib\site-packages\elementary\clients\dbt\dbt_runner.py", line 93, in _run_command
    raise DbtCommandError(err, command_args, logs=logs)
elementary.exceptions.exceptions.DbtCommandError: Failed to run dbt command.
Encountered an error:
Runtime Error
  Could not find profile named 'elementary'
2023-12-27 15:16:28 — DEBUG — Running dbt --log-format json run-operation elementary.log_macro_results --args {"macro_name": "elementary_cli.get_elementary_database_and_schema", "macro_args": {}} --project-dir C:\Users\apple\Desktop\DataStack\Dbts\dbt-env\Lib\site-packages\elementary\monitor\dbt_project --profiles-dir .\elementary_profiles\profiles.yml
[31;20m2023-12-27 15:16:32 — ERROR — Failed to parse Elementary's database and schema.[0m
2023-12-27 15:16:32 — INFO — Running dbt --log-format json run-operation elementary.log_macro_results --args {"macro_name": "elementary_cli.get_test_results", "macro_args": {"days_back": 7, "invocations_per_test": 720, "disable_passed_test_metrics": false}} --project-dir C:\Users\apple\Desktop\DataStack\Dbts\dbt-env\Lib\site-packages\elementary\monitor\dbt_project --profiles-dir .\elementary_profiles\profiles.yml
[31;20m2023-12-27 15:16:35 — ERROR — Could not generate the report - Error: Failed to run dbt command.
Encountered an error:
Runtime Error
  Could not find profile named 'elementary'
Please reach out to our community for help with this issue.[0m
NoneType: None
2023-12-27 15:17:10 — INFO — Running with edr=0.13.2
2023-12-27 15:17:53 — INFO — Running with edr=0.13.2
2023-12-27 15:18:06 — INFO — Running with edr=0.13.2
2023-12-27 15:18:06 — DEBUG — Running dbt --log-format json run-operation elementary.log_macro_results --args {"macro_name": "elementary_cli.get_latest_invocation", "macro_args": {}} --project-dir C:\Users\apple\Desktop\DataStack\Dbts\dbt-env\Lib\site-packages\elementary\monitor\dbt_project
[31;20m2023-12-27 15:18:10 — ERROR — Unable to get the latest invocation: Failed to run dbt command.
Encountered an error:
Runtime Error
  Could not find profile named 'elementary'[0m
2023-12-27 15:18:10 — DEBUG — Running dbt --log-format json run-operation elementary.log_macro_results --args {"macro_name": "elementary_cli.get_adapter_type_and_unique_id", "macro_args": {}} --project-dir C:\Users\apple\Desktop\DataStack\Dbts\dbt-env\Lib\site-packages\elementary\monitor\dbt_project
2023-12-27 15:18:14 — DEBUG — Could not get warehouse info.
Traceback (most recent call last):
  File "C:\Users\apple\Desktop\DataStack\Dbts\dbt-env\Lib\site-packages\elementary\clients\dbt\dbt_runner.py", line 82, in _run_command
    result = subprocess.run(
             ^^^^^^^^^^^^^^^
  File "C:\Users\apple\anaconda3\Lib\subprocess.py", line 571, in run
    raise CalledProcessError(retcode, process.args,
subprocess.CalledProcessError: Command '['dbt', '--log-format', 'json', 'run-operation', 'elementary.log_macro_results', '--args', '{"macro_name": "elementary_cli.get_adapter_type_and_unique_id", "macro_args": {}}', '--project-dir', 'C:\\Users\\apple\\Desktop\\DataStack\\Dbts\\dbt-env\\Lib\\site-packages\\elementary\\monitor\\dbt_project']' returned non-zero exit status 2.

During handling of the above exception, another exception occurred:

Traceback (most recent call last):
  File "C:\Users\apple\Desktop\DataStack\Dbts\dbt-env\Lib\site-packages\elementary\monitor\data_monitoring\data_monitoring.py", line 174, in _get_warehouse_info
    self.internal_dbt_runner.run_operation(
  File "C:\Users\apple\Desktop\DataStack\Dbts\dbt-env\Lib\site-packages\elementary\clients\dbt\dbt_runner.py", line 154, in run_operation
    success, command_output = self._run_command(
                              ^^^^^^^^^^^^^^^^^^
  File "C:\Users\apple\Desktop\DataStack\Dbts\dbt-env\Lib\site-packages\elementary\clients\dbt\dbt_runner.py", line 93, in _run_command
    raise DbtCommandError(err, command_args, logs=logs)
elementary.exceptions.exceptions.DbtCommandError: Failed to run dbt command.
Encountered an error:
Runtime Error
  Could not find profile named 'elementary'
2023-12-27 15:18:14 — DEBUG — Running dbt --log-format json run-operation elementary.log_macro_results --args {"macro_name": "elementary_cli.get_elementary_database_and_schema", "macro_args": {}} --project-dir C:\Users\apple\Desktop\DataStack\Dbts\dbt-env\Lib\site-packages\elementary\monitor\dbt_project
[31;20m2023-12-27 15:18:18 — ERROR — Failed to parse Elementary's database and schema.[0m
2023-12-27 15:18:18 — INFO — Running dbt --log-format json run-operation elementary.log_macro_results --args {"macro_name": "elementary_cli.get_test_results", "macro_args": {"days_back": 7, "invocations_per_test": 720, "disable_passed_test_metrics": false}} --project-dir C:\Users\apple\Desktop\DataStack\Dbts\dbt-env\Lib\site-packages\elementary\monitor\dbt_project
[31;20m2023-12-27 15:18:23 — ERROR — Could not generate the report - Error: Failed to run dbt command.
Encountered an error:
Runtime Error
  Could not find profile named 'elementary'
Please reach out to our community for help with this issue.[0m
NoneType: None
2023-12-27 15:18:43 — INFO — Running with edr=0.13.2
2023-12-27 15:18:43 — DEBUG — Running dbt --log-format json run-operation elementary.log_macro_results --args {"macro_name": "elementary_cli.get_latest_invocation", "macro_args": {}} --project-dir C:\Users\apple\Desktop\DataStack\Dbts\dbt-env\Lib\site-packages\elementary\monitor\dbt_project
[31;20m2023-12-27 15:18:48 — ERROR — Unable to get the latest invocation: Failed to run dbt command.
Encountered an error:
Runtime Error
  Could not find profile named 'elementary'[0m
2023-12-27 15:18:48 — DEBUG — Running dbt --log-format json run-operation elementary.log_macro_results --args {"macro_name": "elementary_cli.get_adapter_type_and_unique_id", "macro_args": {}} --project-dir C:\Users\apple\Desktop\DataStack\Dbts\dbt-env\Lib\site-packages\elementary\monitor\dbt_project
2023-12-27 15:18:52 — DEBUG — Could not get warehouse info.
Traceback (most recent call last):
  File "C:\Users\apple\Desktop\DataStack\Dbts\dbt-env\Lib\site-packages\elementary\clients\dbt\dbt_runner.py", line 82, in _run_command
    result = subprocess.run(
             ^^^^^^^^^^^^^^^
  File "C:\Users\apple\anaconda3\Lib\subprocess.py", line 571, in run
    raise CalledProcessError(retcode, process.args,
subprocess.CalledProcessError: Command '['dbt', '--log-format', 'json', 'run-operation', 'elementary.log_macro_results', '--args', '{"macro_name": "elementary_cli.get_adapter_type_and_unique_id", "macro_args": {}}', '--project-dir', 'C:\\Users\\apple\\Desktop\\DataStack\\Dbts\\dbt-env\\Lib\\site-packages\\elementary\\monitor\\dbt_project']' returned non-zero exit status 2.

During handling of the above exception, another exception occurred:

Traceback (most recent call last):
  File "C:\Users\apple\Desktop\DataStack\Dbts\dbt-env\Lib\site-packages\elementary\monitor\data_monitoring\data_monitoring.py", line 174, in _get_warehouse_info
    self.internal_dbt_runner.run_operation(
  File "C:\Users\apple\Desktop\DataStack\Dbts\dbt-env\Lib\site-packages\elementary\clients\dbt\dbt_runner.py", line 154, in run_operation
    success, command_output = self._run_command(
                              ^^^^^^^^^^^^^^^^^^
  File "C:\Users\apple\Desktop\DataStack\Dbts\dbt-env\Lib\site-packages\elementary\clients\dbt\dbt_runner.py", line 93, in _run_command
    raise DbtCommandError(err, command_args, logs=logs)
elementary.exceptions.exceptions.DbtCommandError: Failed to run dbt command.
Encountered an error:
Runtime Error
  Could not find profile named 'elementary'
2023-12-27 15:18:52 — DEBUG — Running dbt --log-format json run-operation elementary.log_macro_results --args {"macro_name": "elementary_cli.get_elementary_database_and_schema", "macro_args": {}} --project-dir C:\Users\apple\Desktop\DataStack\Dbts\dbt-env\Lib\site-packages\elementary\monitor\dbt_project
[31;20m2023-12-27 15:18:56 — ERROR — Failed to parse Elementary's database and schema.[0m
2023-12-27 15:18:56 — INFO — Running dbt --log-format json run-operation elementary.log_macro_results --args {"macro_name": "elementary_cli.get_test_results", "macro_args": {"days_back": 7, "invocations_per_test": 720, "disable_passed_test_metrics": false}} --project-dir C:\Users\apple\Desktop\DataStack\Dbts\dbt-env\Lib\site-packages\elementary\monitor\dbt_project
[31;20m2023-12-27 15:19:00 — ERROR — Could not generate the report - Error: Failed to run dbt command.
Encountered an error:
Runtime Error
  Could not find profile named 'elementary'
Please reach out to our community for help with this issue.[0m
NoneType: None
2023-12-27 15:19:28 — INFO — Running with edr=0.13.2
2023-12-27 15:19:28 — DEBUG — Running dbt --log-format json run-operation elementary.log_macro_results --args {"macro_name": "elementary_cli.get_latest_invocation", "macro_args": {}} --project-dir C:\Users\apple\Desktop\DataStack\Dbts\dbt-env\Lib\site-packages\elementary\monitor\dbt_project
[31;20m2023-12-27 15:19:33 — ERROR — Unable to get the latest invocation: Failed to run dbt command.
Encountered an error:
Runtime Error
  Could not find profile named 'elementary'[0m
2023-12-27 15:19:33 — DEBUG — Running dbt --log-format json run-operation elementary.log_macro_results --args {"macro_name": "elementary_cli.get_adapter_type_and_unique_id", "macro_args": {}} --project-dir C:\Users\apple\Desktop\DataStack\Dbts\dbt-env\Lib\site-packages\elementary\monitor\dbt_project
2023-12-27 15:19:37 — DEBUG — Could not get warehouse info.
Traceback (most recent call last):
  File "C:\Users\apple\Desktop\DataStack\Dbts\dbt-env\Lib\site-packages\elementary\clients\dbt\dbt_runner.py", line 82, in _run_command
    result = subprocess.run(
             ^^^^^^^^^^^^^^^
  File "C:\Users\apple\anaconda3\Lib\subprocess.py", line 571, in run
    raise CalledProcessError(retcode, process.args,
subprocess.CalledProcessError: Command '['dbt', '--log-format', 'json', 'run-operation', 'elementary.log_macro_results', '--args', '{"macro_name": "elementary_cli.get_adapter_type_and_unique_id", "macro_args": {}}', '--project-dir', 'C:\\Users\\apple\\Desktop\\DataStack\\Dbts\\dbt-env\\Lib\\site-packages\\elementary\\monitor\\dbt_project']' returned non-zero exit status 2.

During handling of the above exception, another exception occurred:

Traceback (most recent call last):
  File "C:\Users\apple\Desktop\DataStack\Dbts\dbt-env\Lib\site-packages\elementary\monitor\data_monitoring\data_monitoring.py", line 174, in _get_warehouse_info
    self.internal_dbt_runner.run_operation(
  File "C:\Users\apple\Desktop\DataStack\Dbts\dbt-env\Lib\site-packages\elementary\clients\dbt\dbt_runner.py", line 154, in run_operation
    success, command_output = self._run_command(
                              ^^^^^^^^^^^^^^^^^^
  File "C:\Users\apple\Desktop\DataStack\Dbts\dbt-env\Lib\site-packages\elementary\clients\dbt\dbt_runner.py", line 93, in _run_command
    raise DbtCommandError(err, command_args, logs=logs)
elementary.exceptions.exceptions.DbtCommandError: Failed to run dbt command.
Encountered an error:
Runtime Error
  Could not find profile named 'elementary'
2023-12-27 15:19:37 — DEBUG — Running dbt --log-format json run-operation elementary.log_macro_results --args {"macro_name": "elementary_cli.get_elementary_database_and_schema", "macro_args": {}} --project-dir C:\Users\apple\Desktop\DataStack\Dbts\dbt-env\Lib\site-packages\elementary\monitor\dbt_project
[31;20m2023-12-27 15:19:41 — ERROR — Failed to parse Elementary's database and schema.[0m
2023-12-27 15:19:41 — INFO — Running dbt --log-format json run-operation elementary.log_macro_results --args {"macro_name": "elementary_cli.get_test_results", "macro_args": {"days_back": 7, "invocations_per_test": 720, "disable_passed_test_metrics": false}} --project-dir C:\Users\apple\Desktop\DataStack\Dbts\dbt-env\Lib\site-packages\elementary\monitor\dbt_project
[31;20m2023-12-27 15:19:45 — ERROR — Could not generate the report - Error: Failed to run dbt command.
Encountered an error:
Runtime Error
  Could not find profile named 'elementary'
Please reach out to our community for help with this issue.[0m
NoneType: None
2023-12-27 15:23:20 — INFO — Running with edr=0.13.2
2023-12-27 15:23:20 — DEBUG — Running dbt --log-format json run-operation elementary.log_macro_results --args {"macro_name": "elementary_cli.get_latest_invocation", "macro_args": {}} --project-dir C:\Users\apple\Desktop\DataStack\Dbts\dbt-env\Lib\site-packages\elementary\monitor\dbt_project
2023-12-27 15:23:29 — DEBUG — Result bytes size for command '['dbt', '--log-format', 'json', 'run-operation', 'elementary.log_macro_results', '--args', '{"macro_name": "elementary_cli.get_latest_invocation", "macro_args": {}}', '--project-dir', 'C:\\Users\\apple\\Desktop\\DataStack\\Dbts\\dbt-env\\Lib\\site-packages\\elementary\\monitor\\dbt_project']' is 4200
2023-12-27 15:23:29 — DEBUG — Running dbt --log-format json run-operation elementary.log_macro_results --args {"macro_name": "elementary_cli.get_adapter_type_and_unique_id", "macro_args": {}} --project-dir C:\Users\apple\Desktop\DataStack\Dbts\dbt-env\Lib\site-packages\elementary\monitor\dbt_project
2023-12-27 15:23:34 — DEBUG — Result bytes size for command '['dbt', '--log-format', 'json', 'run-operation', 'elementary.log_macro_results', '--args', '{"macro_name": "elementary_cli.get_adapter_type_and_unique_id", "macro_args": {}}', '--project-dir', 'C:\\Users\\apple\\Desktop\\DataStack\\Dbts\\dbt-env\\Lib\\site-packages\\elementary\\monitor\\dbt_project']' is 1882
2023-12-27 15:23:34 — INFO — edr (0.13.2) and Elementary's dbt package (0.13.0) are compatible.
2023-12-27 15:23:34 — DEBUG — Running dbt --log-format json run-operation elementary.log_macro_results --args {"macro_name": "elementary_cli.get_elementary_database_and_schema", "macro_args": {}} --project-dir C:\Users\apple\Desktop\DataStack\Dbts\dbt-env\Lib\site-packages\elementary\monitor\dbt_project
2023-12-27 15:23:39 — DEBUG — Result bytes size for command '['dbt', '--log-format', 'json', 'run-operation', 'elementary.log_macro_results', '--args', '{"macro_name": "elementary_cli.get_elementary_database_and_schema", "macro_args": {}}', '--project-dir', 'C:\\Users\\apple\\Desktop\\DataStack\\Dbts\\dbt-env\\Lib\\site-packages\\elementary\\monitor\\dbt_project']' is 1866
2023-12-27 15:23:39 — INFO — Elementary's database and schema: '"dft.public_elementary"'
2023-12-27 15:23:39 — INFO — Running dbt --log-format json run-operation elementary.log_macro_results --args {"macro_name": "elementary_cli.get_test_results", "macro_args": {"days_back": 7, "invocations_per_test": 720, "disable_passed_test_metrics": false}} --project-dir C:\Users\apple\Desktop\DataStack\Dbts\dbt-env\Lib\site-packages\elementary\monitor\dbt_project
2023-12-27 15:23:44 — DEBUG — Result bytes size for command '['dbt', '--log-format', 'json', 'run-operation', 'elementary.log_macro_results', '--args', '{"macro_name": "elementary_cli.get_test_results", "macro_args": {"days_back": 7, "invocations_per_test": 720, "disable_passed_test_metrics": false}}', '--project-dir', 'C:\\Users\\apple\\Desktop\\DataStack\\Dbts\\dbt-env\\Lib\\site-packages\\elementary\\monitor\\dbt_project']' is 57522
2023-12-27 15:23:44 — INFO — Running dbt --log-format json run-operation elementary.log_macro_results --args {"macro_name": "elementary_cli.get_source_freshness_results", "macro_args": {"days_back": 7, "invocations_per_test": 720}} --project-dir C:\Users\apple\Desktop\DataStack\Dbts\dbt-env\Lib\site-packages\elementary\monitor\dbt_project
2023-12-27 15:23:49 — DEBUG — Result bytes size for command '['dbt', '--log-format', 'json', 'run-operation', 'elementary.log_macro_results', '--args', '{"macro_name": "elementary_cli.get_source_freshness_results", "macro_args": {"days_back": 7, "invocations_per_test": 720}}', '--project-dir', 'C:\\Users\\apple\\Desktop\\DataStack\\Dbts\\dbt-env\\Lib\\site-packages\\elementary\\monitor\\dbt_project']' is 1820
2023-12-27 15:23:49 — INFO — Running dbt --log-format json run-operation elementary.log_macro_results --args {"macro_name": "elementary_cli.get_models", "macro_args": {"exclude_elementary": true}} --project-dir C:\Users\apple\Desktop\DataStack\Dbts\dbt-env\Lib\site-packages\elementary\monitor\dbt_project
2023-12-27 15:23:54 — DEBUG — Result bytes size for command '['dbt', '--log-format', 'json', 'run-operation', 'elementary.log_macro_results', '--args', '{"macro_name": "elementary_cli.get_models", "macro_args": {"exclude_elementary": true}}', '--project-dir', 'C:\\Users\\apple\\Desktop\\DataStack\\Dbts\\dbt-env\\Lib\\site-packages\\elementary\\monitor\\dbt_project']' is 5250
2023-12-27 15:23:54 — INFO — Running dbt --log-format json run-operation elementary.log_macro_results --args {"macro_name": "elementary_cli.get_sources", "macro_args": {}} --project-dir C:\Users\apple\Desktop\DataStack\Dbts\dbt-env\Lib\site-packages\elementary\monitor\dbt_project
2023-12-27 15:23:59 — DEBUG — Result bytes size for command '['dbt', '--log-format', 'json', 'run-operation', 'elementary.log_macro_results', '--args', '{"macro_name": "elementary_cli.get_sources", "macro_args": {}}', '--project-dir', 'C:\\Users\\apple\\Desktop\\DataStack\\Dbts\\dbt-env\\Lib\\site-packages\\elementary\\monitor\\dbt_project']' is 1820
2023-12-27 15:23:59 — INFO — Running dbt --log-format json run-operation elementary.log_macro_results --args {"macro_name": "elementary_cli.get_exposures", "macro_args": {}} --project-dir C:\Users\apple\Desktop\DataStack\Dbts\dbt-env\Lib\site-packages\elementary\monitor\dbt_project
2023-12-27 15:24:04 — DEBUG — Result bytes size for command '['dbt', '--log-format', 'json', 'run-operation', 'elementary.log_macro_results', '--args', '{"macro_name": "elementary_cli.get_exposures", "macro_args": {}}', '--project-dir', 'C:\\Users\\apple\\Desktop\\DataStack\\Dbts\\dbt-env\\Lib\\site-packages\\elementary\\monitor\\dbt_project']' is 1820
2023-12-27 15:24:04 — INFO — Running dbt --log-format json run-operation elementary.log_macro_results --args {"macro_name": "elementary_cli.get_models_runs", "macro_args": {"days_back": 7, "exclude_elementary": true}} --project-dir C:\Users\apple\Desktop\DataStack\Dbts\dbt-env\Lib\site-packages\elementary\monitor\dbt_project
2023-12-27 15:24:09 — DEBUG — Result bytes size for command '['dbt', '--log-format', 'json', 'run-operation', 'elementary.log_macro_results', '--args', '{"macro_name": "elementary_cli.get_models_runs", "macro_args": {"days_back": 7, "exclude_elementary": true}}', '--project-dir', 'C:\\Users\\apple\\Desktop\\DataStack\\Dbts\\dbt-env\\Lib\\site-packages\\elementary\\monitor\\dbt_project']' is 15130
2023-12-27 15:24:09 — INFO — Running dbt --log-format json run-operation elementary.log_macro_results --args {"macro_name": "elementary_cli.get_dbt_models_test_coverage", "macro_args": {}} --project-dir C:\Users\apple\Desktop\DataStack\Dbts\dbt-env\Lib\site-packages\elementary\monitor\dbt_project
2023-12-27 15:24:14 — DEBUG — Result bytes size for command '['dbt', '--log-format', 'json', 'run-operation', 'elementary.log_macro_results', '--args', '{"macro_name": "elementary_cli.get_dbt_models_test_coverage", "macro_args": {}}', '--project-dir', 'C:\\Users\\apple\\Desktop\\DataStack\\Dbts\\dbt-env\\Lib\\site-packages\\elementary\\monitor\\dbt_project']' is 2436
2023-12-27 15:24:14 — INFO — Running dbt --log-format json run-operation elementary.log_macro_results --args {"macro_name": "elementary_cli.get_nodes_depends_on_nodes", "macro_args": {"exclude_elementary": true}} --project-dir C:\Users\apple\Desktop\DataStack\Dbts\dbt-env\Lib\site-packages\elementary\monitor\dbt_project
2023-12-27 15:24:18 — DEBUG — Result bytes size for command '['dbt', '--log-format', 'json', 'run-operation', 'elementary.log_macro_results', '--args', '{"macro_name": "elementary_cli.get_nodes_depends_on_nodes", "macro_args": {"exclude_elementary": true}}', '--project-dir', 'C:\\Users\\apple\\Desktop\\DataStack\\Dbts\\dbt-env\\Lib\\site-packages\\elementary\\monitor\\dbt_project']' is 2815
2023-12-27 15:24:18 — INFO — Running dbt --log-format json run-operation elementary.log_macro_results --args {"macro_name": "elementary_cli.get_models_latest_invocation", "macro_args": {}} --project-dir C:\Users\apple\Desktop\DataStack\Dbts\dbt-env\Lib\site-packages\elementary\monitor\dbt_project
2023-12-27 15:24:23 — DEBUG — Result bytes size for command '['dbt', '--log-format', 'json', 'run-operation', 'elementary.log_macro_results', '--args', '{"macro_name": "elementary_cli.get_models_latest_invocation", "macro_args": {}}', '--project-dir', 'C:\\Users\\apple\\Desktop\\DataStack\\Dbts\\dbt-env\\Lib\\site-packages\\elementary\\monitor\\dbt_project']' is 9842
2023-12-27 15:24:23 — INFO — Running dbt --log-format json run-operation elementary.log_macro_results --args {"macro_name": "elementary_cli.get_models_latest_invocations_data", "macro_args": {}} --project-dir C:\Users\apple\Desktop\DataStack\Dbts\dbt-env\Lib\site-packages\elementary\monitor\dbt_project
2023-12-27 15:24:28 — DEBUG — Result bytes size for command '['dbt', '--log-format', 'json', 'run-operation', 'elementary.log_macro_results', '--args', '{"macro_name": "elementary_cli.get_models_latest_invocations_data", "macro_args": {}}', '--project-dir', 'C:\\Users\\apple\\Desktop\\DataStack\\Dbts\\dbt-env\\Lib\\site-packages\\elementary\\monitor\\dbt_project']' is 2237
